<?xml version="1.0" encoding="UTF-8"?>
<testng-results skipped="0" failed="0" ignored="0" total="1" passed="1">
  <reporter-output>
  </reporter-output>
  <suite name="Suite" duration-ms="7479" started-at="2018-07-26T04:57:54Z" finished-at="2018-07-26T04:58:02Z">
    <groups>
    </groups>
    <test name="Test" duration-ms="7479" started-at="2018-07-26T04:57:54Z" finished-at="2018-07-26T04:58:02Z">
      <class name="Testcases.TC_01">
        <test-method status="PASS" signature="TC_01_signin()[pri:0, instance:Testcases.TC_01@6f7fd0e6]" name="TC_01_signin" duration-ms="7441" started-at="2018-07-26T04:57:54Z" finished-at="2018-07-26T04:58:02Z">
          <reporter-output>
          </reporter-output>
        </test-method> <!-- TC_01_signin -->
      </class> <!-- Testcases.TC_01 -->
    </test> <!-- Test -->
  </suite> <!-- Suite -->
</testng-results>
